
ROM used:   840/8192 (10%)
            840/8192 (10%) including unused fragments

            0.7 Average locations per line
            5.7 Average locations per statement

RAM used:   17/368 (5%) at main() level
            35/368 (10%) worst case

Stack used: 5 worst case (5 in main + 0 for interrupts)
Stack size: 8

Lines Stmts  %   Files
----- ----- ---  -----
  112    48  32  main.c
  661     0   0  C:\Program Files (x86)\PICC\Devices\16F877A.h
  456   100  68  C:\Program Files (x86)\PICC\Drivers\lcd.c
----- -----
 1229   148 Total

Page ROM  %  RAM   Vol Diff  Functions:
---- --- --- ---   --- ----  ----------
0     21   2    1             @delay_ms1
0     20   2    1             @delay_us1
0      8   1    0             @const626
 Inline         3   760  4.5  lcd_read_byte
0     49   6    2   262  3.7  lcd_read_nibble
0     43   5    1   399  2.4  lcd_send_nibble
0     92  11    3   415  3.7  lcd_send_byte
0     61   7    2   704  5.0  lcd_init
0     18   2    4   208  6.3  lcd_gotoxy
0     44   5    1   354  4.7  lcd_putc
0     44   5    3    78  1.6  move_servo
0    241  29    2  1198  6.3  MAIN
0      6   1    0             @const668
0     84  10    5             @PSTRINGCN7_645
0     99  12    9             @PRINTF_LU_645
0      6   1    0             @const673
 Inline         0             @cinit1

Program metrics:
    Functions               9
    Statements              148
    Comments                213
    Volume (V)              6625
    Difficulty (D)          36.9
    Effort to implement (E) 244232
    Time to implement (T)   3 hours, 46 minutes
    Est Delivered Bugs (B)  1
    Cyclomatic Complexity   13
    Maintainability (MI)    138

 Segment     Used  Free
-----------  ----  ----
00000-00003     4  0  
00004-007FF   836  1208  
00800-00FFF     0  2048  
01000-017FF     0  2048  
01800-01FFF     0  2048  



